/* L = 128, Z = 27000 */
/* p;ocurrencias de percolacion;Masa promedio */
0.010000;0;0
0.020000;0;0
0.030000;0;0
0.040000;0;0
0.050000;0;0
0.060000;0;0
0.070000;0;0
0.080000;0;0
0.090000;0;0
0.100000;0;0
0.110000;0;0
0.120000;0;0
0.130000;0;0
0.140000;0;0
0.150000;0;0
0.160000;0;0
0.170000;0;0
0.180000;0;0
0.190000;0;0
0.200000;0;0
0.210000;0;0
0.220000;0;0
0.230000;0;0
0.240000;0;0
0.250000;0;0
0.260000;0;0
0.270000;0;0
0.280000;0;0
0.290000;0;0
0.300000;0;0
0.310000;0;0
0.320000;0;0
0.330000;0;0
0.340000;0;0
0.350000;0;0
0.360000;0;0
0.370000;0;0
0.380000;0;0
0.390000;0;0
0.400000;0;0
0.410000;0;0
0.420000;0;0
0.430000;0;0
0.440000;0;0
0.450000;0;0
0.460000;0;0
0.470000;0;0
0.480000;0;0
0.490000;0;0
0.500000;0;0
0.500100;0;0
0.500200;0;0
0.500300;0;0
0.500400;0;0
0.500500;0;0
0.500600;0;0
0.500700;0;0
0.500800;0;0
0.500900;0;0
0.501000;0;0
0.501100;0;0
0.501200;0;0
0.501300;0;0
0.501400;0;0
0.501500;0;0
0.501600;0;0
0.501700;0;0
0.501800;0;0
0.501900;0;0
0.502000;0;0
0.502100;0;0
0.502200;0;0
0.502300;0;0
0.502400;0;0
0.502500;0;0
0.502600;0;0
0.502700;0;0
0.502800;0;0
0.502900;0;0
0.503000;0;0
0.503100;0;0
0.503200;0;0
0.503300;0;0
0.503400;0;0
0.503500;0;0
0.503600;0;0
0.503700;0;0
0.503800;0;0
0.503900;0;0
0.504000;0;0
0.504100;0;0
0.504200;0;0
0.504300;0;0
0.504400;0;0
0.504500;0;0
0.504600;0;0
0.504700;0;0
0.504800;0;0
0.504900;0;0
0.505000;0;0
0.505100;0;0
0.505200;0;0
0.505300;0;0
0.505400;0;0
0.505500;0;0
0.505600;0;0
0.505700;0;0
0.505800;0;0
0.505900;0;0
0.506000;0;0
0.506100;0;0
0.506200;0;0
0.506300;0;0
0.506400;0;0
0.506500;0;0
0.506600;0;0
0.506700;0;0
0.506800;0;0
0.506900;0;0
0.507000;0;0
0.507100;0;0
0.507200;0;0
0.507300;0;0
0.507400;0;0
0.507500;0;0
0.507600;0;0
0.507700;0;0
0.507800;0;0
0.507900;0;0
0.508000;0;0
0.508100;0;0
0.508200;0;0
0.508300;0;0
0.508400;0;0
0.508500;0;0
0.508600;0;0
0.508700;0;0
0.508800;0;0
0.508900;0;0
0.509000;0;0
0.509100;0;0
0.509200;0;0
0.509300;0;0
0.509400;0;0
0.509500;0;0
0.509600;0;0
0.509700;0;0
0.509800;0;0
0.509900;0;0
0.510000;0;0
0.510100;0;0
0.510200;0;0
0.510300;0;0
0.510400;0;0
0.510500;0;0
0.510600;0;0
0.510700;0;0
0.510800;0;0
0.510900;0;0
0.511000;0;0
0.511100;0;0
0.511200;0;0
0.511300;0;0
0.511400;0;0
0.511500;0;0
0.511600;0;0
0.511700;0;0
0.511800;0;0
0.511900;0;0
0.512000;0;0
0.512100;0;0
0.512200;0;0
0.512300;0;0
0.512400;0;0
0.512500;0;0
0.512600;0;0
0.512700;0;0
0.512800;0;0
0.512900;0;0
0.513000;0;0
0.513100;0;0
0.513200;0;0
0.513300;0;0
0.513400;0;0
0.513500;0;0
0.513600;0;0
0.513700;0;0
0.513800;0;0
0.513900;0;0
0.514000;0;0
0.514100;0;0
0.514200;0;0
0.514300;0;0
0.514400;0;0
0.514500;0;0
0.514600;0;0
0.514700;0;0
0.514800;0;0
0.514900;0;0
0.515000;0;0
0.515100;0;0
0.515200;0;0
0.515300;0;0
0.515400;0;0
0.515500;0;0
0.515600;0;0
0.515700;0;0
0.515800;0;0
0.515900;0;0
0.516000;0;0
0.516100;0;0
0.516200;0;0
0.516300;0;0
0.516400;0;0
0.516500;0;0
0.516600;0;0
0.516700;0;0
0.516800;0;0
0.516900;0;0
0.517000;0;0
0.517100;0;0
0.517200;0;0
0.517300;0;0
0.517400;0;0
0.517500;0;0
0.517600;0;0
0.517700;0;0
0.517800;0;0
0.517900;0;0
0.518000;0;0
0.518100;0;0
0.518200;0;0
0.518300;0;0
0.518400;0;0
0.518500;0;0
0.518600;0;0
0.518700;0;0
0.518800;0;0
0.518900;0;0
0.519000;0;0
0.519100;0;0
0.519200;0;0
0.519300;0;0
0.519400;0;0
0.519500;0;0
0.519600;0;0
0.519700;0;0
0.519800;0;0
0.519900;0;0
0.520000;0;0
0.520100;0;0
0.520200;0;0
0.520300;0;0
0.520400;0;0
0.520500;1;1327
0.520600;0;0
0.520700;0;0
0.520800;0;0
0.520900;0;0
0.521000;0;0
0.521100;0;0
0.521200;0;0
0.521300;0;0
0.521400;0;0
0.521500;0;0
0.521600;0;0
0.521700;0;0
0.521800;0;0
0.521900;0;0
0.522000;0;0
0.522100;0;0
0.522200;0;0
0.522300;0;0
0.522400;0;0
0.522500;0;0
0.522600;0;0
0.522700;0;0
0.522800;0;0
0.522900;0;0
0.523000;0;0
0.523100;0;0
0.523200;0;0
0.523300;0;0
0.523400;0;0
0.523500;0;0
0.523600;0;0
0.523700;0;0
0.523800;0;0
0.523900;0;0
0.524000;0;0
0.524100;0;0
0.524200;0;0
0.524300;0;0
0.524400;0;0
0.524500;1;1667
0.524600;0;0
0.524700;0;0
0.524800;0;0
0.524900;1;1501
0.525000;0;0
0.525100;0;0
0.525200;0;0
0.525300;2;2741
0.525400;0;0
0.525500;0;0
0.525600;0;0
0.525700;1;1521
0.525800;0;0
0.525900;0;0
0.526000;0;0
0.526100;0;0
0.526200;0;0
0.526300;0;0
0.526400;0;0
0.526500;0;0
0.526600;0;0
0.526700;0;0
0.526800;0;0
0.526900;1;1211
0.527000;0;0
0.527100;0;0
0.527200;0;0
0.527300;0;0
0.527400;1;1125
0.527500;1;1569
0.527600;0;0
0.527700;0;0
0.527800;1;1425
0.527900;0;0
0.528000;1;2055
0.528100;0;0
0.528200;0;0
0.528300;1;1300
0.528400;0;0
0.528500;0;0
0.528600;0;0
0.528700;1;1383
0.528800;1;1790
0.528900;0;0
0.529000;0;0
0.529100;0;0
0.529200;1;2282
0.529300;0;0
0.529400;0;0
0.529500;1;1603
0.529600;0;0
0.529700;0;0
0.529800;0;0
0.529900;1;1444
0.530000;0;0
0.530100;0;0
0.530200;0;0
0.530300;1;1748
0.530400;0;0
0.530500;0;0
0.530600;0;0
0.530700;0;0
0.530800;0;0
0.530900;1;2439
0.531000;0;0
0.531100;0;0
0.531200;2;3299
0.531300;3;5006
0.531400;0;0
0.531500;1;1694
0.531600;0;0
0.531700;3;5543
0.531800;1;1048
0.531900;0;0
0.532000;2;2834
0.532100;0;0
0.532200;0;0
0.532300;0;0
0.532400;1;1837
0.532500;1;1827
0.532600;1;1780
0.532700;0;0
0.532800;0;0
0.532900;3;4114
0.533000;1;2116
0.533100;0;0
0.533200;1;1861
0.533300;1;1404
0.533400;3;4840
0.533500;2;3642
0.533600;0;0
0.533700;2;3701
0.533800;3;5038
0.533900;3;5689
0.534000;1;1324
0.534100;3;4967
0.534200;2;3240
0.534300;3;5353
0.534400;0;0
0.534500;0;0
0.534600;3;5533
0.534700;2;2925
0.534800;0;0
0.534900;0;0
0.535000;0;0
0.535100;4;7271
0.535200;1;1329
0.535300;2;2975
0.535400;4;7134
0.535500;0;0
0.535600;1;2152
0.535700;4;7205
0.535800;3;5245
0.535900;1;1048
0.536000;4;5988
0.536100;3;5170
0.536200;4;6384
0.536300;0;0
0.536400;2;3275
0.536500;2;3624
0.536600;5;7931
0.536700;1;2207
0.536800;5;10097
0.536900;3;5116
0.537000;1;1500
0.537100;12;20649
0.537200;4;6942
0.537300;5;8194
0.537400;3;6072
0.537500;2;4927
0.537600;2;3271
0.537700;3;5433
0.537800;2;3322
0.537900;5;10462
0.538000;5;8624
0.538100;2;4161
0.538200;2;3941
0.538300;1;1811
0.538400;3;5321
0.538500;5;9323
0.538600;3;5518
0.538700;4;8046
0.538800;4;6141
0.538900;4;8190
0.539000;2;4214
0.539100;2;2864
0.539200;7;12743
0.539300;6;10138
0.539400;6;12285
0.539500;4;7886
0.539600;3;5152
0.539700;5;8456
0.539800;3;5600
0.539900;6;10318
0.540000;5;9562
0.540100;7;12116
0.540200;6;10647
0.540300;4;6418
0.540400;2;3601
0.540500;8;12791
0.540600;5;9268
0.540700;3;5444
0.540800;8;14270
0.540900;7;14176
0.541000;4;7958
0.541100;6;11117
0.541200;4;7720
0.541300;9;17443
0.541400;4;7536
0.541500;5;8789
0.541600;13;25271
0.541700;3;4919
0.541800;8;16496
0.541900;16;27982
0.542000;10;18280
0.542100;5;9718
0.542200;7;12119
0.542300;17;33965
0.542400;11;23817
0.542500;14;26894
0.542600;10;17685
0.542700;14;25970
0.542800;5;8769
0.542900;7;14148
0.543000;8;15771
0.543100;11;18964
0.543200;17;32962
0.543300;10;19616
0.543400;13;27280
0.543500;20;41227
0.543600;13;25672
0.543700;9;18487
0.543800;8;13257
0.543900;16;32902
0.544000;11;19880
0.544100;18;34182
0.544200;16;33912
0.544300;24;45491
0.544400;17;36152
0.544500;18;32469
0.544600;20;42126
0.544700;19;39158
0.544800;14;29217
0.544900;18;32895
0.545000;26;53434
0.545100;18;35262
0.545200;17;35900
0.545300;17;35319
0.545400;23;45444
0.545500;9;17764
0.545600;22;47213
0.545700;23;47055
0.545800;20;40907
0.545900;25;51645
0.546000;23;49566
0.546100;24;51347
0.546200;19;38906
0.546300;11;23535
0.546400;24;49985
0.546500;23;41697
0.546600;36;76217
0.546700;36;74609
0.546800;26;55327
0.546900;32;65134
0.547000;27;55532
0.547100;16;32762
0.547200;33;72950
0.547300;24;50007
0.547400;29;62025
0.547500;30;62554
0.547600;30;69168
0.547700;36;74673
0.547800;18;38648
0.547900;34;70102
0.548000;26;55974
0.548100;25;54305
0.548200;32;65866
0.548300;29;61972
0.548400;44;89912
0.548500;45;91778
0.548600;31;66386
0.548700;33;67236
0.548800;44;101048
0.548900;27;59216
0.549000;30;70892
0.549100;35;79415
0.549200;37;81057
0.549300;36;73693
0.549400;58;126033
0.549500;40;90738
0.549600;42;92864
0.549700;38;83856
0.549800;47;104338
0.549900;44;100696
0.550000;57;125160
0.550100;52;115483
0.550200;34;75852
0.550300;43;105040
0.550400;59;129587
0.550500;62;132844
0.550600;55;122042
0.550700;54;118774
0.550800;65;149646
0.550900;56;121161
0.551000;49;114326
0.551100;66;148661
0.551200;65;145894
0.551300;71;156965
0.551400;58;129938
0.551500;48;108507
0.551600;55;131863
0.551700;64;138662
0.551800;56;128049
0.551900;69;152764
0.552000;71;161800
0.552100;69;160607
0.552200;87;205336
0.552300;73;175914
0.552400;77;184730
0.552500;74;172652
0.552600;85;189979
0.552700;84;201822
0.552800;79;197488
0.552900;90;209910
0.553000;89;207811
0.553100;83;198044
0.553200;89;216459
0.553300;84;192451
0.553400;80;181063
0.553500;86;206664
0.553600;117;272832
0.553700;84;197801
0.553800;109;258242
0.553900;93;220691
0.554000;97;232572
0.554100;116;279959
0.554200;98;237281
0.554300;96;236854
0.554400;108;258354
0.554500;119;279889
0.554600;147;348689
0.554700;120;297028
0.554800;126;304049
0.554900;135;326610
0.555000;128;313719
0.555100;133;320535
0.555200;135;335385
0.555300;134;316279
0.555400;149;361783
0.555500;146;357714
0.555600;140;338023
0.555700;133;324984
0.555800;153;371254
0.555900;144;356539
0.556000;150;358857
0.556100;161;407044
0.556200;144;359305
0.556300;162;414237
0.556400;180;459549
0.556500;178;450276
0.556600;178;431747
0.556700;152;370586
0.556800;163;407144
0.556900;187;506505
0.557000;162;413471
0.557100;173;430593
0.557200;194;488026
0.557300;169;432571
0.557400;180;455881
0.557500;186;489376
0.557600;210;534404
0.557700;212;547586
0.557800;188;468470
0.557900;204;527658
0.558000;247;633306
0.558100;234;598621
0.558200;218;579634
0.558300;224;589373
0.558400;217;566772
0.558500;213;568054
0.558600;215;549797
0.558700;255;640821
0.558800;258;672809
0.558900;233;603624
0.559000;238;626166
0.559100;270;720225
0.559200;255;675944
0.559300;251;665646
0.559400;282;747057
0.559500;294;788126
0.559600;265;706048
0.559700;296;802209
0.559800;268;721487
0.559900;307;829283
0.560000;315;842703
0.560100;283;774116
0.560200;305;822541
0.560300;294;801243
0.560400;308;834163
0.560500;325;878975
0.560600;313;831133
0.560700;366;992606
0.560800;300;823272
0.560900;305;834110
0.561000;403;1087384
0.561100;358;1014939
0.561200;361;1000191
0.561300;373;1010773
0.561400;405;1096879
0.561500;409;1129690
0.561600;401;1097944
0.561700;379;1061185
0.561800;423;1158443
0.561900;422;1161519
0.562000;428;1216691
0.562100;413;1198025
0.562200;457;1269957
0.562300;449;1250803
0.562400;442;1232145
0.562500;444;1268657
0.562600;448;1288259
0.562700;468;1308297
0.562800;469;1344782
0.562900;458;1296841
0.563000;488;1382342
0.563100;478;1384406
0.563200;510;1472923
0.563300;531;1512818
0.563400;535;1531841
0.563500;533;1545680
0.563600;571;1619266
0.563700;591;1685264
0.563800;568;1674745
0.563900;566;1642509
0.564000;620;1784248
0.564100;577;1691618
0.564200;616;1807022
0.564300;565;1622690
0.564400;619;1807683
0.564500;616;1786067
0.564600;623;1822874
0.564700;644;1920794
0.564800;665;1946637
0.564900;680;2033365
0.565000;688;2051923
0.565100;742;2201958
0.565200;732;2189116
0.565300;710;2123003
0.565400;677;2057610
0.565500;680;2049815
0.565600;743;2276622
0.565700;764;2296582
0.565800;734;2223611
0.565900;788;2395130
0.566000;838;2498709
0.566100;821;2475089
0.566200;854;2607519
0.566300;852;2573914
0.566400;911;2718851
0.566500;879;2709245
0.566600;895;2721078
0.566700;887;2725900
0.566800;875;2671085
0.566900;887;2709234
0.567000;901;2765756
0.567100;916;2856254
0.567200;944;2986173
0.567300;987;3067103
0.567400;1003;3112469
0.567500;1040;3248522
0.567600;1025;3213751
0.567700;1031;3234327
0.567800;1077;3404614
0.567900;1016;3179474
0.568000;1092;3516394
0.568100;1098;3495677
0.568200;1126;3546978
0.568300;1127;3543789
0.568400;1149;3626052
0.568500;1124;3567315
0.568600;1168;3689062
0.568700;1216;3903706
0.568800;1217;3880416
0.568900;1236;3986380
0.569000;1240;3985039
0.569100;1283;4111461
0.569200;1187;3792094
0.569300;1277;4124050
0.569400;1291;4155956
0.569500;1374;4451343
0.569600;1345;4377020
0.569700;1403;4559839
0.569800;1293;4207227
0.569900;1438;4670467
0.570000;1443;4733890
0.570100;1532;5054834
0.570200;1531;4994607
0.570300;1508;4993277
0.570400;1490;4926758
0.570500;1619;5388275
0.570600;1539;5131908
0.570700;1541;5105568
0.570800;1587;5292532
0.570900;1654;5601000
0.571000;1652;5534815
0.571100;1669;5648156
0.571200;1657;5589646
0.571300;1696;5789328
0.571400;1699;5765697
0.571500;1785;6074926
0.571600;1800;6069161
0.571700;1829;6226275
0.571800;1797;6097949
0.571900;1899;6448388
0.572000;1803;6176190
0.572100;1877;6445992
0.572200;1915;6567366
0.572300;1964;6766554
0.572400;1959;6749388
0.572500;1992;6869275
0.572600;1998;6930738
0.572700;2041;7116411
0.572800;2025;7096141
0.572900;2094;7258674
0.573000;2159;7553857
0.573100;2136;7492865
0.573200;2140;7563493
0.573300;2218;7769577
0.573400;2311;8163886
0.573500;2244;7883163
0.573600;2311;8169043
0.573700;2349;8328255
0.573800;2428;8691894
0.573900;2396;8511903
0.574000;2352;8410321
0.574100;2539;9125050
0.574200;2544;9136515
0.574300;2495;8840004
0.574400;2580;9281750
0.574500;2531;9149689
0.574600;2595;9374393
0.574700;2645;9632791
0.574800;2581;9341858
0.574900;2757;10039847
0.575000;2797;10300910
0.575100;2805;10208945
0.575200;2899;10661056
0.575300;2861;10470725
0.575400;2855;10517555
0.575500;3021;11178307
0.575600;2906;10850600
0.575700;2897;10690804
0.575800;3088;11525694
0.575900;3067;11431267
0.576000;3180;11980200
0.576100;3202;11952597
0.576200;3231;12116445
0.576300;3215;12118353
0.576400;3336;12646803
0.576500;3204;12137633
0.576600;3396;12732939
0.576700;3416;12947923
0.576800;3367;12931598
0.576900;3428;13043992
0.577000;3504;13365059
0.577100;3521;13482951
0.577200;3537;13525793
0.577300;3618;13904963
0.577400;3733;14324505
0.577500;3725;14321704
0.577600;3809;14694125
0.577700;3767;14534160
0.577800;3845;14903144
0.577900;3903;15081816
0.578000;3996;15547746
0.578100;3958;15365120
0.578200;3921;15405173
0.578300;3960;15598953
0.578400;4042;15911158
0.578500;4197;16384137
0.578600;4156;16307852
0.578700;4252;16768874
0.578800;4288;16996028
0.578900;4300;17005580
0.579000;4408;17471461
0.579100;4267;16907167
0.579200;4504;17991055
0.579300;4581;18242247
0.579400;4718;18872580
0.579500;4591;18414423
0.579600;4577;18366530
0.579700;4711;18998569
0.579800;4850;19630699
0.579900;4769;19308863
0.580000;4863;19742803
0.580100;4926;20036306
0.580200;4965;20247756
0.580300;5000;20500769
0.580400;5066;20733962
0.580500;5077;20869057
0.580600;5161;21253154
0.580700;5278;21811264
0.580800;5153;21210073
0.580900;5260;21705147
0.581000;5337;22102522
0.581100;5401;22466820
0.581200;5470;22705273
0.581300;5615;23411409
0.581400;5588;23242874
0.581500;5677;23778894
0.581600;5699;23804029
0.581700;5814;24566091
0.581800;5815;24539192
0.581900;5894;24902518
0.582000;5941;25205848
0.582100;5926;25068556
0.582200;6087;26002228
0.582300;5948;25373266
0.582400;6180;26263070
0.582500;6250;26896805
0.582600;6312;27110971
0.582700;6395;27473551
0.582800;6335;27200660
0.582900;6361;27424005
0.583000;6568;28384715
0.583100;6598;28723218
0.583200;6673;28920246
0.583300;6649;29025097
0.583400;6784;29639854
0.583500;6819;29753928
0.583600;6867;30071671
0.583700;6880;30235845
0.583800;6964;30750176
0.583900;7008;30908793
0.584000;7207;31887370
0.584100;7097;31323834
0.584200;7141;31742322
0.584300;7439;33049242
0.584400;7324;32689044
0.584500;7482;33464433
0.584600;7519;33570977
0.584700;7430;33382213
0.584800;7613;34139119
0.584900;7712;34757191
0.585000;7797;35175872
0.585100;7754;34990651
0.585200;7971;36250217
0.585300;8143;36793579
0.585400;8157;37168989
0.585500;8163;37243788
0.585600;8124;37199030
0.585700;8362;38173261
0.585800;8369;38377095
0.585900;8304;38112626
0.586000;8496;39288288
0.586100;8546;39649155
0.586200;8581;39592263
0.586300;8677;40176477
0.586400;8783;40708225
0.586500;8930;41714880
0.586600;9037;42239521
0.586700;8771;41065501
0.586800;8977;42261487
0.586900;9030;42404207
0.587000;9120;43163887
0.587100;9129;43088004
0.587200;9252;43543388
0.587300;9331;44211570
0.587400;9448;44900545
0.587500;9562;45553833
0.587600;9609;45671685
0.587700;9591;45762267
0.587800;9771;46773821
0.587900;9854;47347836
0.588000;9907;47661284
0.588100;9918;47698572
0.588200;10153;48972611
0.588300;10122;49004189
0.588400;10113;49109246
0.588500;10334;50247974
0.588600;10183;49585800
0.588700;10500;51213762
0.588800;10468;51119120
0.588900;10493;51614717
0.589000;10772;52763832
0.589100;10756;52897180
0.589200;10803;53323956
0.589300;10909;54188178
0.589400;10904;53869828
0.589500;11120;55291255
0.589600;11142;55604685
0.589700;11200;55745115
0.589800;11330;56680267
0.589900;11224;55976286
0.590000;11323;56440453
0.590100;11383;57111503
0.590200;11395;57447953
0.590300;11571;58514037
0.590400;11683;59351201
0.590500;11717;59484607
0.590600;11878;60443137
0.590700;12005;61242232
0.590800;11861;60276573
0.590900;12105;61997304
0.591000;12223;62262700
0.591100;12363;63299344
0.591200;12296;63063175
0.591300;12400;64001620
0.591400;12337;63711533
0.591500;12454;64410527
0.591600;12618;65600952
0.591700;12968;67436110
0.591800;12619;65441486
0.591900;13092;68240568
0.592000;13068;68128671
0.592100;13082;68518933
0.592200;13197;69370314
0.592300;13167;69492830
0.592400;13172;69442284
0.592500;13338;70168962
0.592600;13488;71276766
0.592700;13674;72605966
0.592800;13504;71890688
0.592900;13603;72305318
0.593000;13732;73252552
0.593100;13938;74395771
0.593200;13880;74066884
0.593300;13942;74922268
0.593400;14164;76021227
0.593500;14221;76600393
0.593600;14178;76331968
0.593700;14378;77690051
0.593800;14397;78154046
0.593900;14445;78459064
0.594000;14624;79846696
0.594100;14642;79855128
0.594200;14689;80298144
0.594300;14734;80395193
0.594400;14815;81419557
0.594500;14967;82472859
0.594600;15027;82964486
0.594700;15106;83525449
0.594800;15054;83214582
0.594900;15157;84034366
0.595000;15406;85579309
0.595100;15324;85279897
0.595200;15479;86266416
0.595300;15548;86982193
0.595400;15610;87312963
0.595500;15876;89294760
0.595600;15698;88362754
0.595700;15915;89525574
0.595800;16054;90627322
0.595900;16019;90535741
0.596000;15992;90758026
0.596100;16279;92387631
0.596200;16137;91729343
0.596300;16271;93139855
0.596400;16302;93062873
0.596500;16458;94441276
0.596600;16481;94554223
0.596700;16609;95599028
0.596800;16686;95956847
0.596900;16666;95951490
0.597000;16750;96669215
0.597100;16928;98146565
0.597200;16891;98015533
0.597300;16836;98081417
0.597400;17034;99376988
0.597500;17102;99960853
0.597600;17236;101190197
0.597700;17493;102482357
0.597800;17478;102496109
0.597900;17511;102883740
0.598000;17579;103628383
0.598100;17702;104404154
0.598200;17852;105769880
0.598300;17685;105144724
0.598400;17944;106513427
0.598500;17948;106865286
0.598600;17975;107413175
0.598700;18146;108464894
0.598800;18246;109159701
0.598900;18203;108952907
0.599000;18282;110036222
0.599100;18343;110236148
0.599200;18492;111493068
0.599300;18552;112330230
0.599400;18457;111872588
0.599500;18710;113561983
0.599600;18804;114078175
0.599700;18781;114295619
0.599800;18868;115164328
0.599900;18992;116012086
0.600000;18795;114968345
0.600100;19151;117234865
0.600200;19264;118090674
0.600300;19101;117515257
0.600400;19230;118867354
0.600500;19361;119696436
0.600600;19474;120655507
0.600700;19554;121291922
0.600800;19510;121046382
0.600900;19578;121908633
0.601000;19588;122448264
0.601100;19691;123144586
0.601200;19928;124645658
0.601300;19974;125224516
0.601400;19923;125483415
0.601500;19991;125822439
0.601600;19993;126258322
0.601700;20129;127345310
0.601800;20116;127396182
0.601900;20116;127520882
0.602000;20347;129265285
0.602100;20401;129995426
0.602200;20412;129911125
0.602300;20431;130503222
0.602400;20548;131636072
0.602500;20656;132182242
0.602600;20574;131894436
0.602700;20718;133473612
0.602800;20648;133267869
0.602900;20931;135064348
0.603000;20848;135299651
0.603100;20896;135356528
0.603200;21010;136427476
0.603300;21005;136580156
0.603400;21222;138084157
0.603500;21179;138095073
0.603600;21151;138231874
0.603700;21306;139363726
0.603800;21305;139570084
0.603900;21384;140333153
0.604000;21500;141672988
0.604100;21536;142021842
0.604200;21642;143156494
0.604300;21670;143609560
0.604400;21748;143880556
0.604500;21682;144129135
0.604600;21764;145087502
0.604700;21869;145714648
0.604800;21958;146278664
0.604900;21958;146478792
0.605000;21828;146114057
0.605100;22010;147597293
0.605200;22150;149032772
0.605300;22078;148632091
0.605400;22137;149224165
0.605500;22220;150228685
0.605600;22248;150515191
0.605700;22427;151801953
0.605800;22451;152488242
0.605900;22511;153049841
0.606000;22522;153213749
0.606100;22673;154747126
0.606200;22555;154185528
0.606300;22581;154545594
0.606400;22647;155342562
0.606500;22857;157283384
0.606600;22820;157372264
0.606700;22762;156873149
0.606800;22868;157994594
0.606900;22916;158698945
0.607000;23055;159679661
0.607100;23172;160759435
0.607200;23072;160368010
0.607300;23223;161722181
0.607400;23148;161304434
0.607500;23155;161785026
0.607600;23270;162565865
0.607700;23304;163154074
0.607800;23294;163545433
0.607900;23434;164347771
0.608000;23438;164736037
0.608100;23426;165251301
0.608200;23499;166187161
0.608300;23515;166183437
0.608400;23654;167553206
0.608500;23566;167254595
0.608600;23665;168300148
0.608700;23658;168376822
0.608800;23712;169184156
0.608900;23765;169870335
0.609000;23787;169941592
0.609100;23923;171105360
0.609200;23887;171284938
0.609300;23974;172096216
0.609400;24019;172802034
0.609500;23958;172347859
0.609600;23989;173094985
0.609700;24054;173777686
0.609800;24058;174161106
0.609900;24163;175492077
0.610000;24075;174650815
0.610100;24177;175650107
0.610200;24281;176837769
0.610300;24277;176988823
0.610400;24312;177844582
0.610500;24413;178229331
0.610600;24455;179224328
0.610700;24467;179742740
0.610800;24451;179316940
0.610900;24447;179855645
0.611000;24587;180822601
0.611100;24540;180858999
0.611200;24562;181411229
0.611300;24630;182329178
0.611400;24688;182528153
0.611500;24612;182602338
0.611600;24675;183388558
0.611700;24797;184584469
0.611800;24770;184431310
0.611900;24771;185036996
0.612000;24781;185240147
0.612100;24872;186103083
0.612200;24876;186364626
0.612300;24949;187035413
0.612400;24955;187414399
0.612500;24924;187612016
0.612600;25001;188326022
0.612700;24983;188325268
0.612800;25094;189241684
0.612900;25022;189396273
0.613000;25092;190259156
0.613100;25053;190304499
0.613200;25104;190708752
0.613300;25175;191030867
0.613400;25153;191793731
0.613500;25243;192530187
0.613600;25254;192984533
0.613700;25330;193403455
0.613800;25332;194131171
0.613900;25243;193527350
0.614000;25294;194017264
0.614100;25375;195057513
0.614200;25385;195539360
0.614300;25413;195880482
0.614400;25438;196398308
0.614500;25487;196997346
0.614600;25414;196629163
0.614700;25506;197501022
0.614800;25459;197379980
0.614900;25539;198286385
0.615000;25597;198719615
0.615100;25562;198901508
0.615200;25588;199618292
0.615300;25649;199977774
0.615400;25583;199934119
0.615500;25656;200679844
0.615600;25608;200505145
0.615700;25642;201291555
0.615800;25697;201630087
0.615900;25700;202155971
0.616000;25711;202477205
0.616100;25728;202510988
0.616200;25767;203168065
0.616300;25817;203831919
0.616400;25837;204329321
0.616500;25818;204131177
0.616600;25852;204781698
0.616700;25867;205316529
0.616800;25937;206280412
0.616900;25904;206260850
0.617000;25896;206221983
0.617100;25961;206935101
0.617200;25951;207405588
0.617300;25972;207830304
0.617400;26053;208528614
0.617500;25974;207998058
0.617600;26061;208934983
0.617700;25971;208678111
0.617800;26103;209962410
0.617900;26085;209872769
0.618000;26074;209877044
0.618100;26062;210342149
0.618200;26061;210520428
0.618300;26136;211472373
0.618400;26092;211106784
0.618500;26082;211456283
0.618600;26157;212083075
0.618700;26188;212607485
0.618800;26196;212867703
0.618900;26197;213143988
0.619000;26241;213579660
0.619100;26230;213893602
0.619200;26219;214188224
0.619300;26250;214737596
0.619400;26243;214684417
0.619500;26275;215064491
0.619600;26306;215611529
0.619700;26260;215569588
0.619800;26314;216140478
0.619900;26322;216403461
0.620000;26335;216712547
0.620100;26288;216694370
0.620200;26299;216809431
0.620300;26362;217505187
0.620400;26377;218179207
0.620500;26356;218220132
0.620600;26385;218606373
0.620700;26371;218601005
0.620800;26414;219389721
0.620900;26435;219769396
0.621000;26464;220157235
0.621100;26454;220174858
0.621200;26475;220403726
0.621300;26475;220763717
0.621400;26456;220959929
0.621500;26487;221440662
0.621600;26488;221673574
0.621700;26482;221718525
0.621800;26522;222378394
0.621900;26528;222748561
0.622000;26545;223021112
0.622100;26511;222838701
0.622200;26519;223046524
0.622300;26519;223394320
0.622400;26541;223744046
0.622500;26533;223969672
0.622600;26550;224253398
0.622700;26543;224195230
0.622800;26542;224596219
0.622900;26546;224714406
0.623000;26600;225518983
0.623100;26576;225514870
0.623200;26586;225631569
0.623300;26596;225802756
0.623400;26598;226245247
0.623500;26632;226724854
0.623600;26658;227134631
0.623700;26647;227483865
0.623800;26643;227224820
0.623900;26678;227911316
0.624000;26655;227809852
0.624100;26650;228120695
0.624200;26646;228513955
0.624300;26691;229004435
0.624400;26660;228665286
0.624500;26688;229053131
0.624600;26667;229320777
0.624700;26707;229704213
0.624800;26657;229769589
0.624900;26699;229986669
0.625000;26710;230591229
0.625100;26720;230448542
0.625200;26723;230800572
0.625300;26717;231087867
0.625400;26718;231137557
0.625500;26731;231522955
0.625600;26721;231694980
0.625700;26718;231827039
0.625800;26762;232209881
0.625900;26781;232731329
0.626000;26756;232525907
0.626100;26757;232745512
0.626200;26754;233003869
0.626300;26748;233032833
0.626400;26766;233465781
0.626500;26769;233503028
0.626600;26797;234116414
0.626700;26786;234314974
0.626800;26782;234209867
0.626900;26812;234679611
0.627000;26802;234737663
0.627100;26789;235013611
0.627200;26795;235356382
0.627300;26828;235700204
0.627400;26831;235897732
0.627500;26815;235911411
0.627600;26789;236015197
0.627700;26798;236262638
0.627800;26842;236701017
0.627900;26825;236752673
0.628000;26815;236785794
0.628100;26842;237225010
0.628200;26846;237626521
0.628300;26857;237878527
0.628400;26857;237867876
0.628500;26847;238015039
0.628600;26861;238369088
0.628700;26869;238386920
0.628800;26823;238334238
0.628900;26863;238667960
0.629000;26851;238797374
0.629100;26840;239020832
0.629200;26859;239339855
0.629300;26893;239739969
0.629400;26874;239884344
0.629500;26873;239927071
0.629600;26870;240010041
0.629700;26873;240311275
0.629800;26882;240607920
0.629900;26885;240657259
0.630000;26877;240868886
0.630100;26873;240792256
0.630200;26901;241168416
0.630300;26899;241312999
0.630400;26907;241543102
0.630500;26877;241528276
0.630600;26878;241824633
0.630700;26900;242136686
0.630800;26903;242328257
0.630900;26915;242476207
0.631000;26896;242485454
0.631100;26901;242523919
0.631200;26912;242992003
0.631300;26918;243122996
0.631400;26905;243229948
0.631500;26916;243620154
0.631600;26918;243690278
0.631700;26912;243764145
0.631800;26925;244106410
0.631900;26914;244132309
0.632000;26923;244418668
0.632100;26916;244380642
0.632200;26930;244622776
0.632300;26932;244878765
0.632400;26928;245082972
0.632500;26918;245074249
0.632600;26946;245294603
0.632700;26923;245408915
0.632800;26924;245605895
0.632900;26935;245914298
0.633000;26932;246077045
0.633100;26941;246185194
0.633200;26942;246533929
0.633300;26942;246498852
0.633400;26944;246637886
0.633500;26935;246731036
0.633600;26946;246887285
0.633700;26941;247022156
0.633800;26944;247273510
0.633900;26956;247525642
0.634000;26951;247482097
0.634100;26952;247685094
0.634200;26960;248034903
0.634300;26957;248022812
0.634400;26961;248077578
0.634500;26950;248457851
0.634600;26962;248518377
0.634700;26948;248564942
0.634800;26951;248697773
0.634900;26955;248823717
0.635000;26963;249175079
0.635100;26964;249297609
0.635200;26960;249353880
0.635300;26961;249503801
0.635400;26958;249651766
0.635500;26959;249735468
0.635600;26958;249781311
0.635700;26964;250068061
0.635800;26959;250199807
0.635900;26967;250271647
0.636000;26970;250526484
0.636100;26962;250686755
0.636200;26974;250900287
0.636300;26968;250966879
0.636400;26974;251060795
0.636500;26967;251317190
0.636600;26964;251283425
0.636700;26972;251466600
0.636800;26969;251563020
0.636900;26967;251705373
0.637000;26973;251878511
0.637100;26978;252057761
0.637200;26971;252206200
0.637300;26979;252407278
0.637400;26985;252511491
0.637500;26973;252763738
0.637600;26978;252738114
0.637700;26978;252987416
0.637800;26964;252842086
0.637900;26965;252901225
0.638000;26975;253239586
0.638100;26985;253510089
0.638200;26979;253520836
0.638300;26982;253641377
0.638400;26981;253854968
0.638500;26973;253812239
0.638600;26981;254020612
0.638700;26983;254215054
0.638800;26985;254313347
0.638900;26988;254492642
0.639000;26983;254554668
0.639100;26980;254699319
0.639200;26982;254776175
0.639300;26982;255028957
0.639400;26986;255044964
0.639500;26985;255252721
0.639600;26983;255265230
0.639700;26987;255421389
0.639800;26983;255570306
0.639900;26978;255583288
0.640000;26986;255854573
0.640100;26984;255958772
0.640200;26986;256084898
0.640300;26982;256151574
0.640400;26987;256272375
0.640500;26984;256399932
0.640600;26982;256569125
0.640700;26984;256630120
0.640800;26988;256803756
0.640900;26990;256989112
0.641000;26988;257058225
0.641100;26988;257120649
0.641200;26990;257386826
0.641300;26988;257360674
0.641400;26989;257572384
0.641500;26987;257724724
0.641600;26988;257753276
0.641700;26984;257713365
0.641800;26993;258030390
0.641900;26994;258202626
0.642000;26994;258373354
0.642100;26985;258265825
0.642200;26992;258422392
0.642300;26988;258616744
0.642400;26987;258730642
0.642500;26991;258834209
0.642600;26995;259040211
0.642700;26989;258931651
0.642800;26993;259190100
0.642900;26990;259285314
0.643000;26991;259280533
0.643100;26993;259515782
0.643200;26994;259670613
0.643300;26994;259784559
0.643400;26992;259800013
0.643500;26994;259979862
0.643600;26994;260058278
0.643700;26997;260207602
0.643800;26995;260312914
0.643900;26989;260337950
0.644000;26999;260546777
0.644100;26994;260710648
0.644200;26994;260773097
0.644300;26997;260878852
0.644400;26994;260938706
0.644500;26991;261134148
0.644600;26997;261209757
0.644700;26999;261452679
0.644800;26998;261517774
0.644900;26995;261443880
0.645000;26994;261532511
0.645100;26989;261702133
0.645200;26998;261834012
0.645300;26995;261927165
0.645400;26998;262019257
0.645500;26997;262129478
0.645600;26996;262355179
0.645700;26997;262390815
0.645800;26996;262504505
0.645900;26993;262585626
0.646000;26998;262787294
0.646100;26999;262805942
0.646200;26991;262881318
0.646300;26997;263084547
0.646400;26995;263118394
0.646500;26997;263226271
0.646600;26997;263351045
0.646700;26995;263498031
0.646800;26998;263501639
0.646900;26996;263579019
0.647000;27000;263740353
0.647100;26997;263832520
0.647200;27000;264032853
0.647300;26999;264097860
0.647400;26998;264148572
0.647500;26994;264334272
0.647600;26998;264370623
0.647700;26997;264454286
0.647800;26998;264623989
0.647900;26996;264629969
0.648000;26998;264706792
0.648100;26999;264889307
0.648200;26997;264891104
0.648300;26998;265100942
0.648400;26998;265207431
0.648500;26999;265258742
0.648600;26999;265442307
0.648700;26998;265448495
0.648800;26998;265573044
0.648900;26998;265680047
0.649000;26999;265687779
0.649100;27000;265884219
0.649200;26999;266057468
0.649300;26999;266026210
0.649400;26999;266201869
0.649500;26999;266269334
0.649600;27000;266373094
0.649700;26999;266473865
0.649800;26999;266580278
0.649900;26998;266648162
0.650000;27000;266786227
0.650100;27000;266855397
0.650200;27000;266947048
0.650300;27000;267057945
0.650400;26996;267136068
0.650500;27000;267242836
0.650600;27000;267385077
0.650700;26997;267402639
0.650800;26999;267553951
0.650900;26999;267625032
0.651000;26999;267770504
0.651100;27000;267806987
0.651200;26996;267846743
0.651300;26999;267997793
0.651400;26999;268086111
0.651500;27000;268232926
0.651600;27000;268249367
0.651700;27000;268416477
0.651800;26999;268512337
0.651900;26999;268521558
0.652000;27000;268697136
0.652100;26998;268784025
0.652200;26997;268865111
0.652300;27000;268986335
0.652400;27000;269036767
0.652500;27000;269096796
0.652600;26997;269193388
0.652700;27000;269384283
0.652800;27000;269448904
0.652900;27000;269541122
0.653000;27000;269571287
0.653100;26998;269713093
0.653200;26999;269733676
0.653300;26999;269857965
0.653400;26999;270033032
0.653500;26999;270070600
0.653600;27000;270186056
0.653700;26999;270244696
0.653800;27000;270325716
0.653900;26998;270372871
0.654000;26998;270536068
0.654100;27000;270602893
0.654200;27000;270772859
0.654300;26998;270826923
0.654400;26999;270832258
0.654500;26999;270941526
0.654600;26999;271012610
0.654700;27000;271070708
0.654800;27000;271241175
0.654900;26999;271250918
0.655000;26999;271357178
0.655100;26999;271515109
0.655200;26999;271536407
0.655300;27000;271662852
0.655400;26999;271753533
0.655500;27000;271889328
0.655600;26999;271858162
0.655700;27000;272041712
0.655800;26999;272107596
0.655900;26999;272125289
0.656000;26999;272205014
0.656100;27000;272367046
0.656200;27000;272445607
0.656300;27000;272613174
0.656400;27000;272626184
0.656500;27000;272688906
0.656600;26999;272821814
0.656700;27000;272916057
0.656800;27000;272967998
0.656900;27000;273019500
0.657000;27000;273103497
0.657100;27000;273295265
0.657200;27000;273286466
0.657300;27000;273442966
0.657400;27000;273478770
0.657500;27000;273640428
0.657600;27000;273674166
0.657700;26999;273702372
0.657800;27000;273777152
0.657900;27000;273927030
0.658000;26999;274034454
0.658100;27000;274068970
0.658200;26999;274260605
0.658300;27000;274233677
0.658400;26999;274323333
0.658500;27000;274431562
0.658600;26999;274473363
0.658700;27000;274579160
0.658800;27000;274713414
0.658900;27000;274783660
0.659000;27000;274849338
0.659100;27000;274944243
0.659200;27000;275051167
0.659300;27000;275088985
0.659400;27000;275164893
0.659500;27000;275292859
0.659600;27000;275354766
0.659700;27000;275431688
0.659800;27000;275481876
0.659900;27000;275539910
0.660000;27000;275717931
0.660100;27000;275764359
0.660200;27000;275810855
0.660300;27000;275915818
0.660400;27000;276016392
0.660500;27000;276042809
0.660600;27000;276156166
0.660700;27000;276274806
0.660800;27000;276328106
0.660900;26999;276408130
0.661000;27000;276467592
0.661100;27000;276561682
0.661200;27000;276656859
0.661300;26999;276733220
0.661400;27000;276831719
0.661500;27000;276899844
0.661600;27000;277010684
0.661700;27000;277090852
0.661800;27000;277160967
0.661900;27000;277246036
0.662000;27000;277297775
0.662100;27000;277394722
0.662200;27000;277477602
0.662300;27000;277556882
0.662400;27000;277602779
0.662500;27000;277651213
0.662600;27000;277749695
0.662700;27000;277866190
0.662800;27000;277962183
0.662900;27000;278003056
0.663000;26999;278050451
0.663100;27000;278184500
0.663200;27000;278309095
0.663300;27000;278335714
0.663400;27000;278381824
0.663500;27000;278465010
0.663600;26999;278547169
0.663700;27000;278664566
0.663800;27000;278708070
0.663900;27000;278801060
0.664000;27000;278872658
0.664100;27000;278947112
0.664200;27000;279070152
0.664300;27000;279052956
0.664400;27000;279184439
0.664500;27000;279265351
0.664600;27000;279320521
0.664700;27000;279389435
0.664800;27000;279539899
0.664900;27000;279534713
0.665000;27000;279646587
0.665100;27000;279714243
0.665200;27000;279794987
0.665300;27000;279864327
0.665400;27000;279953457
0.665500;27000;280032672
0.665600;27000;280099356
0.665700;27000;280171335
0.665800;27000;280284079
0.665900;27000;280349496
0.666000;27000;280444069
0.666100;27000;280508994
0.666200;27000;280556707
0.666300;27000;280643072
0.666400;27000;280694362
0.666500;27000;280793723
0.666600;27000;280911357
0.666700;27000;280922875
0.666800;27000;281014438
0.666900;27000;281115510
0.667000;27000;281200541
0.667100;27000;281301432
0.667200;27000;281279888
0.667300;27000;281405390
0.667400;27000;281487779
0.667500;27000;281502586
0.667600;27000;281615994
0.667700;27000;281670830
0.667800;27000;281795400
0.667900;27000;281858048
0.668000;27000;281960457
0.668100;27000;281950955
0.668200;27000;282085834
0.668300;27000;282165755
0.668400;27000;282201016
0.668500;27000;282274898
0.668600;27000;282361510
0.668700;27000;282478073
0.668800;27000;282501544
0.668900;27000;282609315
0.669000;27000;282662240
0.669100;27000;282748260
0.669200;27000;282793050
0.669300;27000;282914091
0.669400;27000;282943622
0.669500;27000;283039197
0.669600;27000;283135908
0.669700;27000;283170952
0.669800;27000;283249954
0.669900;27000;283317576
0.670000;27000;283368004
0.670100;27000;283455606
0.670200;27000;283563270
0.670300;27000;283618070
0.670400;27000;283690533
0.670500;27000;283787240
0.670600;27000;283857801
0.670700;27000;283896829
0.670800;27000;283987444
0.670900;27000;284058747
0.671000;27000;284123487
0.671100;27000;284230965
0.671200;27000;284247892
0.671300;27000;284378073
0.671400;27000;284418162
0.671500;27000;284497599
0.671600;27000;284573163
0.671700;27000;284665456
0.671800;27000;284724289
0.671900;27000;284770179
0.672000;27000;284820093
0.672100;27000;284900513
0.672200;27000;284963607
0.672300;27000;285088959
0.672400;27000;285143843
0.672500;27000;285218695
0.672600;27000;285274061
0.672700;27000;285324015
0.672800;27000;285429871
0.672900;27000;285506792
0.673000;27000;285594846
0.673100;27000;285607411
0.673200;27000;285706625
0.673300;27000;285789083
0.673400;27000;285797938
0.673500;27000;285869387
0.673600;27000;285965366
0.673700;27000;286049522
0.673800;27000;286126709
0.673900;27000;286220311
0.674000;27000;286272128
0.674100;27000;286374935
0.674200;27000;286394176
0.674300;27000;286481082
0.674400;27000;286532661
0.674500;27000;286625870
0.674600;27000;286730845
0.674700;27000;286774957
0.674800;27000;286816256
0.674900;27000;286922850
0.675000;27000;286949322
0.675100;27000;287028816
0.675200;27000;287110414
0.675300;27000;287128141
0.675400;27000;287255600
0.675500;27000;287346584
0.675600;27000;287321629
0.675700;27000;287426460
0.675800;27000;287498921
0.675900;27000;287568353
0.676000;27000;287641859
0.676100;27000;287723057
0.676200;27000;287792021
0.676300;27000;287818082
0.676400;27000;287880353
0.676500;27000;287966630
0.676600;27000;288061139
0.676700;27000;288153581
0.676800;27000;288189523
0.676900;27000;288277035
0.677000;27000;288342486
0.677100;27000;288390019
0.677200;27000;288447597
0.677300;27000;288512861
0.677400;27000;288577245
0.677500;27000;288703032
0.677600;27000;288751967
0.677700;27000;288791463
0.677800;27000;288899523
0.677900;27000;288920440
0.678000;27000;288979856
0.678100;27000;289071852
0.678200;27000;289133341
0.678300;27000;289200081
0.678400;27000;289277023
0.678500;27000;289312196
0.678600;27000;289389640
0.678700;27000;289497333
0.678800;27000;289504961
0.678900;27000;289604367
0.679000;27000;289685734
0.679100;27000;289791843
0.679200;27000;289785181
0.679300;27000;289846270
0.679400;27000;289979920
0.679500;27000;290044791
0.679600;27000;290073250
0.679700;27000;290123536
0.679800;27000;290217271
0.679900;27000;290275536
0.680000;27000;290333460
0.680100;27000;290373914
0.680200;27000;290487383
0.680300;27000;290535835
0.680400;27000;290607987
0.680500;27000;290664567
0.680600;27000;290778301
0.680700;27000;290833079
0.680800;27000;290861863
0.680900;27000;290896088
0.681000;27000;291016878
0.681100;27000;291048376
0.681200;27000;291123937
0.681300;27000;291183427
0.681400;27000;291251932
0.681500;27000;291353119
0.681600;27000;291370325
0.681700;27000;291416767
0.681800;27000;291507936
0.681900;27000;291602448
0.682000;27000;291651921
0.682100;27000;291731584
0.682200;27000;291767685
0.682300;27000;291840955
0.682400;27000;291921996
0.682500;27000;291998443
0.682600;27000;292050038
0.682700;27000;292112968
0.682800;27000;292163427
0.682900;27000;292248372
0.683000;27000;292297028
0.683100;27000;292387420
0.683200;27000;292447665
0.683300;27000;292495728
0.683400;27000;292563983
0.683500;27000;292632737
0.683600;27000;292685019
0.683700;27000;292756386
0.683800;27000;292793494
0.683900;27000;292868380
0.684000;27000;292935393
0.684100;27000;292969998
0.684200;27000;293104046
0.684300;27000;293171393
0.684400;27000;293206621
0.684500;27000;293258682
0.684600;27000;293312357
0.684700;27000;293382130
0.684800;27000;293484413
0.684900;27000;293524396
0.685000;27000;293576327
0.685100;27000;293668739
0.685200;27000;293707695
0.685300;27000;293764874
0.685400;27000;293856568
0.685500;27000;293916074
0.685600;27000;293970500
0.685700;27000;294044947
0.685800;27000;294096946
0.685900;27000;294156872
0.686000;27000;294260069
0.686100;27000;294291818
0.686200;27000;294340737
0.686300;27000;294411660
0.686400;27000;294475417
0.686500;27000;294535045
0.686600;27000;294594452
0.686700;27000;294665621
0.686800;27000;294765237
0.686900;27000;294787567
0.687000;27000;294889359
0.687100;27000;294925180
0.687200;27000;294965351
0.687300;27000;295066976
0.687400;27000;295104358
0.687500;27000;295174453
0.687600;27000;295201003
0.687700;27000;295255252
0.687800;27000;295361233
0.687900;27000;295414365
0.688000;27000;295501340
0.688100;27000;295550657
0.688200;27000;295589035
0.688300;27000;295680586
0.688400;27000;295746387
0.688500;27000;295787020
0.688600;27000;295857299
0.688700;27000;295950689
0.688800;27000;295962134
0.688900;27000;296038648
0.689000;27000;296099480
0.689100;27000;296160592
0.689200;27000;296278927
0.689300;27000;296263132
0.689400;27000;296337444
0.689500;27000;296403498
0.689600;27000;296503358
0.689700;27000;296521091
0.689800;27000;296594516
0.689900;27000;296693837
0.690000;27000;296743820
0.690100;27000;296775084
0.690200;27000;296831357
0.690300;27000;296943435
0.690400;27000;296949595
0.690500;27000;297068000
0.690600;27000;297093478
0.690700;27000;297156578
0.690800;27000;297232650
0.690900;27000;297263679
0.691000;27000;297333902
0.691100;27000;297394204
0.691200;27000;297487508
0.691300;27000;297498876
0.691400;27000;297569587
0.691500;27000;297635624
0.691600;27000;297715499
0.691700;27000;297798113
0.691800;27000;297810199
0.691900;27000;297871057
0.692000;27000;297960968
0.692100;27000;297982017
0.692200;27000;298046327
0.692300;27000;298120569
0.692400;27000;298154025
0.692500;27000;298274916
0.692600;27000;298280398
0.692700;27000;298341725
0.692800;27000;298429888
0.692900;27000;298494145
0.693000;27000;298546033
0.693100;27000;298645229
0.693200;27000;298672682
0.693300;27000;298745847
0.693400;27000;298813385
0.693500;27000;298861323
0.693600;27000;298902704
0.693700;27000;298988576
0.693800;27000;299059185
0.693900;27000;299097801
0.694000;27000;299154589
0.694100;27000;299218058
0.694200;27000;299266235
0.694300;27000;299335073
0.694400;27000;299377382
0.694500;27000;299472881
0.694600;27000;299503138
0.694700;27000;299605164
0.694800;27000;299656751
0.694900;27000;299689382
0.695000;27000;299770754
0.695100;27000;299839516
0.695200;27000;299872143
0.695300;27000;299898495
0.695400;27000;299968901
0.695500;27000;300030823
0.695600;27000;300118160
0.695700;27000;300131630
0.695800;27000;300225158
0.695900;27000;300260354
0.696000;27000;300362051
0.696100;27000;300406012
0.696200;27000;300467666
0.696300;27000;300549287
0.696400;27000;300596552
0.696500;27000;300647079
0.696600;27000;300723581
0.696700;27000;300766369
0.696800;27000;300815222
0.696900;27000;300912567
0.697000;27000;300924384
0.697100;27000;300985953
0.697200;27000;301059233
0.697300;27000;301144217
0.697400;27000;301146684
0.697500;27000;301258841
0.697600;27000;301291938
0.697700;27000;301376290
0.697800;27000;301412528
0.697900;27000;301471594
0.698000;27000;301515922
0.698100;27000;301583047
0.698200;27000;301639259
0.698300;27000;301703827
0.698400;27000;301769235
0.698500;27000;301841817
0.698600;27000;301877070
0.698700;27000;301968923
0.698800;27000;302005590
0.698900;27000;302059544
0.699000;27000;302127944
0.699100;27000;302179301
0.699200;27000;302246694
0.699300;27000;302281360
0.699400;27000;302377253
0.699500;27000;302399520
0.699600;27000;302465576
0.699700;27000;302557402
0.699800;27000;302611940
0.699900;27000;302630201
0.700000;27000;302726508
0.710000;27000;308334304
0.720000;27000;313805043
0.730000;27000;319061699
0.740000;27000;324186096
0.750000;27000;329155639
0.760000;27000;334059470
0.770000;27000;338870334
0.780000;27000;343601740
0.790000;27000;348329104
0.800000;27000;352962657
0.810000;27000;357558011
0.820000;27000;362135761
0.830000;27000;366690237
0.840000;27000;371211509
0.850000;27000;375737082
0.860000;27000;380221271
0.870000;27000;384696853
0.880000;27000;389163062
0.890000;27000;393631400
0.900000;27000;398062044
0.910000;27000;402524778
0.920000;27000;406949703
0.930000;27000;411388734
0.940000;27000;415810488
0.950000;27000;420242190
0.960000;27000;424671493
0.970000;27000;429103536
0.980000;27000;433518939
0.990000;27000;437945214
